<?xml version="1.0" ?>
<!DOCTYPE coverage SYSTEM "http://cobertura.sourceforge.net/xml/coverage-04.dtd">
<coverage lines-valid="11" lines-covered="0" line-rate="0" branches-valid="4" branches-covered="0" branch-rate="0" timestamp="1662096589606" complexity="0" version="0.1">
  <sources>
    <source>/Users/mykhailo.skliar/git/movies-online-jenkins</source>
  </sources>
  <packages>
    <package name="src" line-rate="0" branch-rate="1">
      <classes>
        <class name="setupTests.js" filename="src/setupTests.js" line-rate="0" branch-rate="1">
          <methods>
          </methods>
          <lines>
            <line number="4" hits="0" branch="false"/>
          </lines>
        </class>
      </classes>
    </package>
    <package name="src.helpers" line-rate="0" branch-rate="0">
      <classes>
        <class name="localStorage.js" filename="src/helpers/localStorage.js" line-rate="0" branch-rate="0">
          <methods>
            <method name="(anonymous_0)" hits="0" signature="()V">
              <lines>
                <line number="1" hits="0"/>
              </lines>
            </method>
            <method name="(anonymous_1)" hits="0" signature="()V">
              <lines>
                <line number="11" hits="0"/>
              </lines>
            </method>
          </methods>
          <lines>
            <line number="1" hits="0" branch="false"/>
            <line number="2" hits="0" branch="true" condition-coverage="0% (0/2)"/>
            <line number="4" hits="0" branch="false"/>
            <line number="5" hits="0" branch="false"/>
            <line number="7" hits="0" branch="false"/>
            <line number="11" hits="0" branch="false"/>
            <line number="12" hits="0" branch="true" condition-coverage="0% (0/2)"/>
            <line number="14" hits="0" branch="false"/>
            <line number="15" hits="0" branch="false"/>
            <line number="17" hits="0" branch="false"/>
          </lines>
        </class>
      </classes>
    </package>
  </packages>
</coverage>
